
[32m
                             _   _
                            (_) | |
      __ _   _ __   __   __  _  | |
     / _` | | '_ \  \ \ / / | | | |
    | (_| | | | | |  \ V /  | | | |
     \__,_| |_| |_|   \_/   |_| |_|
[0m
    0.2.0 (f0d9eec 2024-04-30T00:16:44.970312000Z)
    [32mhttps://github.com/foundry-rs/foundry[0m

Available Accounts
==================

(0) 0xf39Fd6e51aad88F6F4ce6aB8827279cffFb92266 (10000.000000000000000000 ETH)
(1) 0x70997970C51812dc3A010C7d01b50e0d17dc79C8 (10000.000000000000000000 ETH)
(2) 0x3C44CdDdB6a900fa2b585dd299e03d12FA4293BC (10000.000000000000000000 ETH)
(3) 0x90F79bf6EB2c4f870365E785982E1f101E93b906 (10000.000000000000000000 ETH)
(4) 0x15d34AAf54267DB7D7c367839AAf71A00a2C6A65 (10000.000000000000000000 ETH)
(5) 0x9965507D1a55bcC2695C58ba16FB37d819B0A4dc (10000.000000000000000000 ETH)
(6) 0x976EA74026E726554dB657fA54763abd0C3a0aa9 (10000.000000000000000000 ETH)
(7) 0x14dC79964da2C08b23698B3D3cc7Ca32193d9955 (10000.000000000000000000 ETH)
(8) 0x23618e81E3f5cdF7f54C3d65f7FBc0aBf5B21E8f (10000.000000000000000000 ETH)
(9) 0xa0Ee7A142d267C1f36714E4a8F75612F20a79720 (10000.000000000000000000 ETH)

Private Keys
==================

(0) 0xac0974bec39a17e36ba4a6b4d238ff944bacb478cbed5efcae784d7bf4f2ff80
(1) 0x59c6995e998f97a5a0044966f0945389dc9e86dae88c7a8412f4603b6b78690d
(2) 0x5de4111afa1a4b94908f83103eb1f1706367c2e68ca870fc3fb9a804cdab365a
(3) 0x7c852118294e51e653712a81e05800f419141751be58f605c371e15141b007a6
(4) 0x47e179ec197488593b187f80a00eb0da91f1b9d0b13f8733639f19c30a34926a
(5) 0x8b3a350cf5c34c9194ca85829a2df0ec3153be0318b5e2d3348e872092edffba
(6) 0x92db14e403b83dfe3df233f83dfa3a0d7096f21ca9b0d6d6b8d88b2b4ec1564e
(7) 0x4bbbf85ce3377467afe5d46f804f221813b2bb87f24d81f60f1fcdbf7cbf4356
(8) 0xdbda1821b80551c9d65939329250298aa3472ba22feea921c0cf5d620ea67b97
(9) 0x2a871d0798f97d79848a013d4936a73bf4cc922c825d33c1cf7073dff6d409c6

Wallet
==================
Mnemonic:          test test test test test test test test test test test junk
Derivation path:   m/44'/60'/0'/0/


Chain ID
==================

[32m31337[0m

Base Fee
==================

[32m1000000000[0m

Gas Limit
==================

[32m30000000[0m

Genesis Timestamp
==================

[32m1722435084[0m

Listening on 0.0.0.0:8547
eth_blockNumber
eth_chainId
eth_blockNumber
eth_chainId
eth_chainId
eth_chainId
eth_blockNumber
eth_chainId
eth_chainId
eth_gasPrice
eth_getBlockByNumber
eth_chainId
eth_getTransactionCount
eth_chainId
eth_estimateGas
eth_chainId
eth_sendRawTransaction

    Transaction: 0xef87b22568ac9799d6864c6f11bf306f3022c7939ca45a7e735ac79a99bcdacb
    Gas used: 21000

    Block Number: 1
    Block Hash: 0xefcc30c15da2beda70a8718033fe810da55531c8a4c8f8a7e4e4f981c7878ace
    Block Time: "Wed, 31 Jul 2024 14:11:36 +0000"

eth_chainId
eth_getTransactionReceipt
eth_chainId
eth_getBlockByNumber
eth_gasPrice
eth_chainId
eth_getTransactionCount
eth_chainId
eth_estimateGas
eth_chainId
eth_sendRawTransaction

    Transaction: 0xc3f769de7d21e70220c7a54270001efcdefca2d69786b13645f7d103d7653363
    Contract created: 0x69aeb7dc4f2a86873dae8d753de89326cf90a77a
    Gas used: 520974

    Block Number: 2
    Block Hash: 0xb6c5c712fcb0874c6977bcb255c34ab59dd50757f161754d9ffa83813e79804c
    Block Time: "Wed, 31 Jul 2024 14:11:37 +0000"

eth_chainId
eth_getTransactionReceipt
eth_chainId
eth_gasPrice
eth_getBlockByNumber
eth_chainId
eth_getTransactionCount
eth_chainId
eth_estimateGas
eth_chainId
eth_sendRawTransaction

    Transaction: 0x2781d17036087c82e6667b3b0d04b7566d7641292b1ee97f62ccdd59af8fa13e
    Gas used: 21000

    Block Number: 3
    Block Hash: 0x184333ab7cb49f37122d41cbf94d545bf6529331416fad002675166543bc7aec
    Block Time: "Wed, 31 Jul 2024 14:11:38 +0000"

eth_chainId
eth_getTransactionReceipt
eth_chainId
eth_getBlockByNumber
eth_gasPrice
eth_chainId
eth_getTransactionCount
eth_chainId
eth_estimateGas
eth_chainId
eth_sendRawTransaction

    Transaction: 0xdae83bb230adaf17aa5a38a2cd5bf3b5642ab9f4c894b475a1d361d5a0197a06
    Contract created: 0x783e7717fd4592814614afc47ee92568a495ce0b
    Gas used: 738103

    Block Number: 4
    Block Hash: 0x55bd36bfdbe15af5c4f87121fd37a64b3de6fdcc16e6acf4d4bcfc3b9dbcd5e8
    Block Time: "Wed, 31 Jul 2024 14:11:39 +0000"

eth_chainId
eth_getTransactionReceipt
eth_chainId
eth_getBlockByNumber
eth_gasPrice
eth_chainId
eth_getTransactionCount
eth_chainId
eth_estimateGas
eth_chainId
eth_sendRawTransaction

    Transaction: 0xbf30df35c23379db25fb3eaded7d15d2185c49321fa4e84427832790c19f4312
    Contract created: 0x9fe46736679d2d9a65f0992f2272de9f3c7fa6e0
    Gas used: 1126941

    Block Number: 5
    Block Hash: 0xd324007f2b40a23d7ce8f1261d340260645f9a2ee30c940072e519d6a5cb9362
    Block Time: "Wed, 31 Jul 2024 14:11:40 +0000"

eth_chainId
eth_getTransactionReceipt
eth_chainId
eth_gasPrice
eth_getBlockByNumber
eth_chainId
eth_getTransactionCount
eth_chainId
eth_estimateGas
eth_chainId
eth_sendRawTransaction

    Transaction: 0xa6ba816e8e1e5ba6ae037bbbfe7023db4513637fe3b4e048f7602b7e6f9b44b8
    Contract created: 0xcf7ed3acca5a467e9e704c703e8d87f634fb0fc9
    Gas used: 1513177

    Block Number: 6
    Block Hash: 0xb7bd823abaa55efa19ff91941d4d1c4363dd75d63abd538748c2714c2cfe6349
    Block Time: "Wed, 31 Jul 2024 14:11:41 +0000"

eth_chainId
eth_getTransactionReceipt
eth_chainId
eth_gasPrice
eth_getBlockByNumber
eth_chainId
eth_getTransactionCount
eth_chainId
eth_estimateGas
eth_chainId
eth_sendRawTransaction

    Transaction: 0x00f7a5ba5f3783d278f005c12a3117be5682b8c6aa7da0b838f9b4c106d621e4
    Contract created: 0xdc64a140aa3e981100a9beca4e685f962f0cf6c9
    Gas used: 3923596

    Block Number: 7
    Block Hash: 0x1ebcda2142381dfafc19ae7e4593f3c7ce414b6a67a23e73b9af0b38bf665650
    Block Time: "Wed, 31 Jul 2024 14:11:42 +0000"

eth_chainId
eth_getTransactionReceipt
eth_chainId
eth_gasPrice
eth_getBlockByNumber
eth_chainId
eth_getTransactionCount
eth_chainId
eth_estimateGas
eth_chainId
eth_sendRawTransaction

    Transaction: 0x5335a82b914c9b7449dba564ee38a955c2bd1941de5674914787acb573bc225d
    Contract created: 0x5fc8d32690cc91d4c39d9d3abcbd16989f875707
    Gas used: 415552

    Block Number: 8
    Block Hash: 0x4294245a1f951fe9d2acac101588f292227ab75a231379881650dc3167bdc47a
    Block Time: "Wed, 31 Jul 2024 14:11:43 +0000"

eth_chainId
eth_getTransactionReceipt
eth_chainId
eth_gasPrice
eth_getBlockByNumber
eth_chainId
eth_getTransactionCount
eth_chainId
eth_estimateGas
eth_chainId
eth_sendRawTransaction

    Transaction: 0x5393d4ec0dbb2a880abf4c847a0380238aea2ad0403dff05f55870d48a2eb088
    Gas used: 30289

    Block Number: 9
    Block Hash: 0xfa8363ffb30fc1e253793729d89235b7ea056b1dd4cfd364415983662f1275a0
    Block Time: "Wed, 31 Jul 2024 14:11:44 +0000"

eth_chainId
eth_getTransactionReceipt
eth_chainId
eth_gasPrice
eth_getBlockByNumber
eth_chainId
eth_getTransactionCount
eth_chainId
eth_estimateGas
eth_chainId
eth_sendRawTransaction

    Transaction: 0x3f19be242e687bfc0b18ff6b12e56655be4646b28d36b6d3f8b0d1ce4708ab80
    Contract created: 0xa513e6e4b8f2a923d98304ec87f64353c4d5c853
    Gas used: 2496906

    Block Number: 10
    Block Hash: 0x23a0a8e3ecec83ea36d3611dd013379592c56e958647cb8cb0e7cb63cfb4966f
    Block Time: "Wed, 31 Jul 2024 14:11:45 +0000"

eth_chainId
eth_getTransactionReceipt
eth_chainId
eth_gasPrice
eth_getBlockByNumber
eth_chainId
eth_getTransactionCount
eth_chainId
eth_estimateGas
eth_chainId
eth_sendRawTransaction

    Transaction: 0x72c43b88f0edbfaf8002fab44d6f6ac0a4f1e0898f30ef503aa526b13e7fd8f1
    Contract created: 0x2279b7a0a67db372996a5fab50d91eaa73d2ebe6
    Gas used: 431385

    Block Number: 11
    Block Hash: 0xcf465593dd72293ebcdc7306540e2ffbca1273d35b65d06b9661c006d3ed0de6
    Block Time: "Wed, 31 Jul 2024 14:11:46 +0000"

eth_chainId
eth_getTransactionReceipt
eth_chainId
eth_gasPrice
eth_getBlockByNumber
eth_chainId
eth_getTransactionCount
eth_chainId
eth_estimateGas
eth_chainId
eth_sendRawTransaction

    Transaction: 0x82b421d8b7060a2fecbab2d7e5ccc297053304f04101dd7e774344896747ee4e
    Gas used: 51971

    Block Number: 12
    Block Hash: 0xf47b1f2a677dcc5e9f324b4285aaabc44c5e04a91980c0ced01e0a3bdb05c698
    Block Time: "Wed, 31 Jul 2024 14:11:47 +0000"

eth_chainId
eth_call
eth_chainId
eth_getBlockByNumber
eth_gasPrice
eth_chainId
eth_getTransactionCount
eth_chainId
eth_estimateGas
eth_chainId
eth_sendRawTransaction

    Transaction: 0xe16083f8f6d3a5a6cb9af79c59722077f502fea4349c1bccf8dfdea6b747f4f9
    Contract created: 0x610178da211fef7d417bc0e6fed39f05609ad788
    Gas used: 917672

    Block Number: 13
    Block Hash: 0x9f6bd29f58f2b7bd1f2df62e430bc41c46e1ad77d9a8e4bb773f98eedeb8ec18
    Block Time: "Wed, 31 Jul 2024 14:11:48 +0000"

eth_chainId
eth_getTransactionReceipt
eth_chainId
eth_getBlockByNumber
eth_gasPrice
eth_chainId
eth_getTransactionCount
eth_chainId
eth_estimateGas
eth_chainId
eth_sendRawTransaction

    Transaction: 0x7917ca8c68d08fe2bc4345b0b704cf12f779690920d164fad49dfb4a710ad06b
    Contract created: 0xb7f8bc63bbcad18155201308c8f3540b07f84f5e
    Gas used: 1611420

    Block Number: 14
    Block Hash: 0xa96d105844a634f0214bd92d24de64b8f244f4c28467687f7721091aca7a7c4e
    Block Time: "Wed, 31 Jul 2024 14:11:49 +0000"

eth_chainId
eth_getTransactionReceipt
eth_chainId
eth_gasPrice
eth_getBlockByNumber
eth_chainId
eth_getTransactionCount
eth_chainId
eth_estimateGas
eth_chainId
eth_sendRawTransaction

    Transaction: 0x2289a8bb5c04ab4783593651c95149216bf04e8190cdd230945bde13455fc394
    Contract created: 0xa51c1fc2f0d1a1b8494ed1fe312d7c3a78ed91c0
    Gas used: 538790

    Block Number: 15
    Block Hash: 0x073018c2aee1b72304bcd5202b97ccaea8db34538c1a7382ea3f876b47951080
    Block Time: "Wed, 31 Jul 2024 14:11:50 +0000"

eth_chainId
eth_getTransactionReceipt
eth_chainId
eth_gasPrice
eth_getBlockByNumber
eth_chainId
eth_getTransactionCount
eth_chainId
eth_estimateGas
eth_chainId
eth_sendRawTransaction

    Transaction: 0x991e0b9361f879d53f0b2ce1721f5c83cca954d1025ff51f068fcb2be1c1571a
    Contract created: 0x0dcd1bf9a1b36ce34237eeafef220932846bcd82
    Gas used: 1297722

    Block Number: 16
    Block Hash: 0x16f4d18043a5c44967b5b8392c0b0837a469b6f8a1b05cda0706567a2798d95d
    Block Time: "Wed, 31 Jul 2024 14:11:51 +0000"

eth_chainId
eth_getTransactionReceipt
eth_chainId
eth_gasPrice
eth_getBlockByNumber
eth_chainId
eth_getTransactionCount
eth_chainId
eth_estimateGas
eth_chainId
eth_sendRawTransaction

    Transaction: 0xe33b13be95e50bbe9f23f48882ad85c68e2a7cf9cd9351b37c0bfdf4117fb361
    Contract created: 0x9a676e781a523b5d0c0e43731313a708cb607508
    Gas used: 526682

    Block Number: 17
    Block Hash: 0xaf47328588f9429f66a9e4aaab67dc3a490e49d1644bc48be62223f2b59665e6
    Block Time: "Wed, 31 Jul 2024 14:11:52 +0000"

eth_chainId
eth_getTransactionReceipt
eth_chainId
eth_call
eth_chainId
eth_gasPrice
eth_getBlockByNumber
eth_chainId
eth_getTransactionCount
eth_chainId
eth_estimateGas
eth_chainId
eth_sendRawTransaction

    Transaction: 0x041acd1c85fca5a2215988859e89555445fadec687c2a0f5c8a656f15ca032b5
    Contract created: 0x0b306bf915c4d645ff596e518faf3f9669b97016
    Gas used: 4999156

    Block Number: 18
    Block Hash: 0xdf1a21b9fbc5426b80750985d22dc327698f504a2161bdb0e3d58d145231bfff
    Block Time: "Wed, 31 Jul 2024 14:11:53 +0000"

eth_chainId
eth_getTransactionReceipt
eth_chainId
eth_getBlockByNumber
eth_gasPrice
eth_chainId
eth_getTransactionCount
eth_chainId
eth_estimateGas
eth_chainId
eth_sendRawTransaction

    Transaction: 0xb4909b9e54cf721509c5f0ac1ce73cfca1103491ebe213c988d17e0c42931cc0
    Gas used: 380607

    Block Number: 19
    Block Hash: 0x2fd70f6f925c4d1daddb4dfda5c63dab78d07c04333b70a6134e76349c50ff2a
    Block Time: "Wed, 31 Jul 2024 14:11:54 +0000"

eth_chainId
eth_gasPrice
eth_getBlockByNumber
eth_chainId
eth_getTransactionCount
eth_chainId
eth_estimateGas
eth_chainId
eth_sendRawTransaction

    Transaction: 0x1b34d634bb5a59d21ee5c71b7d12b3df7f94864ed661868dc7320a41f67239f7
    Contract created: 0x9a9f2ccfde556a7e9ff0848998aa4a0cfd8863ae
    Gas used: 2393982

    Block Number: 20
    Block Hash: 0xea40b5cd963aa06788e2eda57c4f8a4fde523b4c9e4637a20447cbabff8c3ca6
    Block Time: "Wed, 31 Jul 2024 14:11:55 +0000"

eth_chainId
eth_getTransactionReceipt
eth_chainId
eth_getBlockByNumber
eth_gasPrice
eth_chainId
eth_getTransactionCount
eth_chainId
eth_estimateGas
eth_chainId
eth_sendRawTransaction

    Transaction: 0x97fdd3c1751ade958c651ed7d120731b9b464bf6da6d24b9426c530a64c93e28
    Gas used: 324067

    Block Number: 21
    Block Hash: 0xf43bfb3dd95fe9da9b812844038f345e9ab1f6855326b72df1a866f9a00b0203
    Block Time: "Wed, 31 Jul 2024 14:11:56 +0000"

eth_chainId
eth_gasPrice
eth_getBlockByNumber
eth_chainId
eth_getTransactionCount
eth_chainId
eth_sendRawTransaction

    Transaction: 0xbe705b2749ba063560000ec4712fafa75a0c8776860944f21a80749145408865
    Gas used: 1291507

    Block Number: 22
    Block Hash: 0x49febdf45ab2fef80389e2a2a4c13c5bfc5785a455e3c83fa8c32b3106f56915
    Block Time: "Wed, 31 Jul 2024 14:11:57 +0000"

eth_chainId
eth_getTransactionReceipt
eth_chainId
eth_call
eth_chainId
eth_getBlockByNumber
eth_gasPrice
eth_chainId
eth_getTransactionCount
eth_chainId
eth_sendRawTransaction

    Transaction: 0x2781dcf10f0b290dcb9c00638dfc228be5426f1a9cbcfb0e338d109b75e84420
    Gas used: 166761

    Block Number: 23
    Block Hash: 0x2b9a510770403c1235c85d2652923d0ad0c08689dff8774c7e3f38b117aa4a25
    Block Time: "Wed, 31 Jul 2024 14:11:58 +0000"

eth_chainId
eth_getTransactionReceipt
eth_chainId
eth_getBlockByNumber
eth_gasPrice
eth_chainId
eth_getTransactionCount
eth_chainId
eth_estimateGas
eth_chainId
eth_sendRawTransaction

    Transaction: 0x6da0c0de3a8911caccecd5110e649d8f7644c58ce06f5c01e84c0dfc0646c0c6
    Gas used: 521015

    Block Number: 24
    Block Hash: 0x20870eb9b99a57b8c0a10e49b1e90f4f37e5daa3ad55fb0641b922be467310ca
    Block Time: "Wed, 31 Jul 2024 14:11:59 +0000"

eth_chainId
eth_getTransactionReceipt
eth_chainId
eth_getLogs
eth_blockNumber
eth_chainId
eth_chainId
eth_getLogs
eth_blockNumber
eth_chainId
eth_chainId
eth_getLogs
eth_chainId
eth_getLogs
eth_chainId
eth_getLogs
eth_chainId
eth_getLogs
eth_chainId
eth_getLogs
eth_chainId
eth_getLogs
eth_chainId
eth_getLogs
eth_chainId
eth_getLogs
eth_chainId
eth_getLogs
eth_blockNumber
eth_chainId
eth_blockNumber
eth_chainId
eth_blockNumber
eth_chainId
eth_blockNumber
eth_chainId
eth_blockNumber
eth_chainId
eth_blockNumber
eth_chainId
eth_blockNumber
eth_chainId
eth_chainId
eth_blockNumber
eth_blockNumber
eth_chainId
eth_blockNumber
eth_chainId
eth_getTransactionCount
eth_blockNumber
eth_chainId
eth_getBlockByNumber
eth_gasPrice
eth_blockNumber
eth_chainId
eth_gasPrice
eth_getBlockByNumber
eth_getBalance
eth_getTransactionCount
eth_getCode
eth_getCode
eth_getTransactionCount
eth_getBalance
eth_getBalance
eth_getCode
eth_getTransactionCount
eth_getTransactionCount
eth_getCode
eth_getBalance
eth_getBalance
eth_getCode
eth_getTransactionCount
eth_chainId
eth_chainId
eth_blockNumber
eth_chainId
eth_getBlockByNumber
eth_gasPrice
eth_chainId
eth_feeHistory
eth_feeHistory
eth_sendRawTransaction

    Transaction: 0x603459e1748683e6d87d428532978de361ef9cff3cb0103a804fe7a90bdce9d0
    Contract created: 0x8464135c8f25da09e49bc8782676a84730c318bc
    Gas used: 796088

    Block Number: 25
    Block Hash: 0xec0fa937d2790951409c71fadf6084c5c3ead884d595416bd57388d1016ae702
    Block Time: "Wed, 31 Jul 2024 14:12:17 +0000"

eth_getTransactionReceipt
eth_getTransactionCount
eth_blockNumber
eth_chainId
eth_gasPrice
eth_getBlockByNumber
eth_blockNumber
eth_chainId
eth_gasPrice
eth_getBlockByNumber
eth_getCode
eth_getTransactionCount
eth_getBalance
eth_getBalance
eth_getTransactionCount
eth_getCode
eth_getBalance
eth_getTransactionCount
eth_getCode
eth_getBalance
eth_getTransactionCount
eth_getCode
eth_getBalance
eth_getTransactionCount
eth_getCode
eth_chainId
eth_chainId
eth_blockNumber
eth_chainId
eth_gasPrice
eth_getBlockByNumber
eth_chainId
eth_feeHistory
eth_feeHistory
eth_sendRawTransaction

    Transaction: 0x6370a4f0ebc4c30aa9f60af9e562b98a935ef76010dd7b8a6ef6c5b459a3f248
    Contract created: 0x71c95911e9a5d330f4d621842ec243ee1343292e
    Gas used: 1074655

    Block Number: 26
    Block Hash: 0x9e89a7afc4f3df5869b01b760ed08777756692dc394ec3f4a4871908a96e5249
    Block Time: "Wed, 31 Jul 2024 14:12:18 +0000"

eth_getTransactionReceipt
eth_getTransactionCount
eth_blockNumber
eth_chainId
eth_getBlockByNumber
eth_gasPrice
eth_blockNumber
eth_chainId
eth_gasPrice
eth_getBlockByNumber
eth_getCode
eth_getTransactionCount
eth_getBalance
eth_getCode
eth_getBalance
eth_getTransactionCount
eth_getBalance
eth_getTransactionCount
eth_getCode
eth_getCode
eth_getTransactionCount
eth_getBalance
eth_getTransactionCount
eth_getBalance
eth_getCode
eth_chainId
eth_chainId
eth_blockNumber
eth_chainId
eth_getBlockByNumber
eth_gasPrice
eth_chainId
eth_feeHistory
eth_feeHistory
eth_sendRawTransaction

    Transaction: 0xb62e20b69cc037f5b51a4b41328d8a3e02b56eefb5f781da170575811077130e
    Contract created: 0x948b3c65b89df0b4894abe91e6d02fe579834f8f
    Gas used: 819749

    Block Number: 27
    Block Hash: 0xde66d097a23de5083fb0927d455c08a4ad3d33368855ca51ea146906242585f6
    Block Time: "Wed, 31 Jul 2024 14:12:19 +0000"

eth_getTransactionReceipt
eth_getTransactionCount
eth_blockNumber
eth_chainId
eth_getBlockByNumber
eth_gasPrice
eth_blockNumber
eth_chainId
eth_getBlockByNumber
eth_gasPrice
eth_getCode
eth_getTransactionCount
eth_getBalance
eth_getBalance
eth_getCode
eth_getTransactionCount
eth_getBalance
eth_getCode
eth_getTransactionCount
eth_getBalance
eth_getTransactionCount
eth_getCode
eth_blockNumber
eth_getCode
eth_getTransactionCount
eth_getBalance
eth_getBalance
eth_getTransactionCount
eth_getCode
eth_chainId
eth_chainId
eth_getLogs
eth_blockNumber
eth_chainId
eth_chainId
eth_getLogs
eth_chainId
eth_getLogs
eth_chainId
eth_getLogs
eth_chainId
eth_getLogs
eth_chainId
eth_getLogs
eth_chainId
eth_getLogs
eth_chainId
eth_getLogs
eth_chainId
eth_getLogs
eth_chainId
eth_getLogs
eth_chainId
eth_chainId
eth_blockNumber
eth_chainId
eth_getBlockByNumber
eth_gasPrice
eth_chainId
eth_feeHistory
eth_feeHistory
eth_sendRawTransaction

    Transaction: 0x6331ba963b72a2b89f6873fc6a1bbb7328a31d7144c7990beeed67911c4ebd68
    Contract created: 0x712516e61c8b383df4a63cfe83d7701bce54b03e
    Gas used: 1260003

    Block Number: 28
    Block Hash: 0x1b6c4e8aa965cc59f31ced77c92beb5f27ea54b53e089537ab1effbd5b07882d
    Block Time: "Wed, 31 Jul 2024 14:12:20 +0000"

eth_getTransactionReceipt
eth_blockNumber
eth_chainId
eth_chainId
eth_getLogs
eth_blockNumber
eth_chainId
eth_chainId
eth_getLogs
eth_chainId
eth_getLogs
eth_chainId
eth_getLogs
eth_chainId
eth_getLogs
eth_chainId
eth_getLogs
eth_chainId
eth_getLogs
eth_chainId
eth_getLogs
eth_chainId
eth_getLogs
eth_chainId
eth_getLogs
eth_blockNumber
eth_chainId
eth_blockNumber
eth_chainId
eth_blockNumber
eth_chainId
eth_blockNumber
eth_chainId
eth_blockNumber
eth_chainId
eth_blockNumber
eth_chainId
eth_blockNumber
eth_chainId
eth_blockNumber
eth_chainId
eth_blockNumber
eth_chainId
eth_blockNumber
eth_chainId
eth_blockNumber
eth_chainId
eth_blockNumber
eth_chainId
eth_blockNumber
eth_chainId
eth_blockNumber
eth_chainId
eth_blockNumber
eth_chainId
eth_blockNumber
eth_chainId
eth_chainId
eth_blockNumber
eth_blockNumber
eth_chainId
eth_blockNumber
eth_chainId
eth_blockNumber
eth_chainId
eth_blockNumber
eth_chainId
eth_blockNumber
eth_chainId
eth_blockNumber
eth_chainId
eth_blockNumber
eth_chainId
eth_blockNumber
eth_chainId
eth_blockNumber
eth_chainId
eth_blockNumber
eth_chainId
eth_blockNumber
eth_chainId
eth_blockNumber
eth_chainId
eth_blockNumber
eth_chainId
eth_blockNumber
eth_chainId
eth_blockNumber
eth_chainId
eth_blockNumber
eth_chainId
eth_blockNumber
eth_chainId
eth_blockNumber
eth_chainId
eth_chainId
eth_blockNumber
eth_blockNumber
eth_chainId
eth_blockNumber
eth_chainId
eth_blockNumber
eth_chainId
eth_blockNumber
eth_chainId
eth_blockNumber
eth_chainId
