
[32m
                             _   _
                            (_) | |
      __ _   _ __   __   __  _  | |
     / _` | | '_ \  \ \ / / | | | |
    | (_| | | | | |  \ V /  | | | |
     \__,_| |_| |_|   \_/   |_| |_|
[0m
    0.2.0 (f0d9eec 2024-04-30T00:16:44.970312000Z)
    [32mhttps://github.com/foundry-rs/foundry[0m

Available Accounts
==================

(0) 0xf39Fd6e51aad88F6F4ce6aB8827279cffFb92266 (10000.000000000000000000 ETH)
(1) 0x70997970C51812dc3A010C7d01b50e0d17dc79C8 (10000.000000000000000000 ETH)
(2) 0x3C44CdDdB6a900fa2b585dd299e03d12FA4293BC (10000.000000000000000000 ETH)
(3) 0x90F79bf6EB2c4f870365E785982E1f101E93b906 (10000.000000000000000000 ETH)
(4) 0x15d34AAf54267DB7D7c367839AAf71A00a2C6A65 (10000.000000000000000000 ETH)
(5) 0x9965507D1a55bcC2695C58ba16FB37d819B0A4dc (10000.000000000000000000 ETH)
(6) 0x976EA74026E726554dB657fA54763abd0C3a0aa9 (10000.000000000000000000 ETH)
(7) 0x14dC79964da2C08b23698B3D3cc7Ca32193d9955 (10000.000000000000000000 ETH)
(8) 0x23618e81E3f5cdF7f54C3d65f7FBc0aBf5B21E8f (10000.000000000000000000 ETH)
(9) 0xa0Ee7A142d267C1f36714E4a8F75612F20a79720 (10000.000000000000000000 ETH)

Private Keys
==================

(0) 0xac0974bec39a17e36ba4a6b4d238ff944bacb478cbed5efcae784d7bf4f2ff80
(1) 0x59c6995e998f97a5a0044966f0945389dc9e86dae88c7a8412f4603b6b78690d
(2) 0x5de4111afa1a4b94908f83103eb1f1706367c2e68ca870fc3fb9a804cdab365a
(3) 0x7c852118294e51e653712a81e05800f419141751be58f605c371e15141b007a6
(4) 0x47e179ec197488593b187f80a00eb0da91f1b9d0b13f8733639f19c30a34926a
(5) 0x8b3a350cf5c34c9194ca85829a2df0ec3153be0318b5e2d3348e872092edffba
(6) 0x92db14e403b83dfe3df233f83dfa3a0d7096f21ca9b0d6d6b8d88b2b4ec1564e
(7) 0x4bbbf85ce3377467afe5d46f804f221813b2bb87f24d81f60f1fcdbf7cbf4356
(8) 0xdbda1821b80551c9d65939329250298aa3472ba22feea921c0cf5d620ea67b97
(9) 0x2a871d0798f97d79848a013d4936a73bf4cc922c825d33c1cf7073dff6d409c6

Wallet
==================
Mnemonic:          test test test test test test test test test test test junk
Derivation path:   m/44'/60'/0'/0/


Chain ID
==================

[32m31337[0m

Base Fee
==================

[32m1000000000[0m

Gas Limit
==================

[32m30000000[0m

Genesis Timestamp
==================

[32m1722435084[0m

Listening on 0.0.0.0:8548
eth_blockNumber
eth_chainId
eth_blockNumber
eth_chainId
eth_chainId
eth_chainId
eth_blockNumber
eth_chainId
eth_chainId
eth_gasPrice
eth_getBlockByNumber
eth_chainId
eth_getTransactionCount
eth_chainId
eth_estimateGas
eth_chainId
eth_sendRawTransaction

    Transaction: 0xef87b22568ac9799d6864c6f11bf306f3022c7939ca45a7e735ac79a99bcdacb
    Gas used: 21000

    Block Number: 1
    Block Hash: 0x01f1e3826bf1d3019730374f26b14fdf9bd094c6354f0218a8a928c15d1612f8
    Block Time: "Wed, 31 Jul 2024 14:11:37 +0000"

eth_chainId
eth_getTransactionReceipt
eth_chainId
eth_gasPrice
eth_getBlockByNumber
eth_chainId
eth_getTransactionCount
eth_chainId
eth_estimateGas
eth_chainId
eth_sendRawTransaction

    Transaction: 0xc3f769de7d21e70220c7a54270001efcdefca2d69786b13645f7d103d7653363
    Contract created: 0x69aeb7dc4f2a86873dae8d753de89326cf90a77a
    Gas used: 520974

    Block Number: 2
    Block Hash: 0x04f580453988f594a913ef56a86adca2bffa16b196c9b1a3a4121afa2aac2bd3
    Block Time: "Wed, 31 Jul 2024 14:11:38 +0000"

eth_chainId
eth_getTransactionReceipt
eth_chainId
eth_gasPrice
eth_getBlockByNumber
eth_chainId
eth_getTransactionCount
eth_chainId
eth_estimateGas
eth_chainId
eth_sendRawTransaction

    Transaction: 0x2781d17036087c82e6667b3b0d04b7566d7641292b1ee97f62ccdd59af8fa13e
    Gas used: 21000

    Block Number: 3
    Block Hash: 0xea529dcfaab6b4923cff176f95601008042cd01a55572697b9be7130795280b8
    Block Time: "Wed, 31 Jul 2024 14:11:39 +0000"

eth_chainId
eth_getTransactionReceipt
eth_chainId
eth_gasPrice
eth_getBlockByNumber
eth_chainId
eth_getTransactionCount
eth_chainId
eth_estimateGas
eth_chainId
eth_sendRawTransaction

    Transaction: 0xdae83bb230adaf17aa5a38a2cd5bf3b5642ab9f4c894b475a1d361d5a0197a06
    Contract created: 0x783e7717fd4592814614afc47ee92568a495ce0b
    Gas used: 738103

    Block Number: 4
    Block Hash: 0x168216f21a99528282a639c4af521622c67f4c9cccead8d1cf5efeae1f4209ea
    Block Time: "Wed, 31 Jul 2024 14:11:40 +0000"

eth_chainId
eth_getTransactionReceipt
eth_chainId
eth_gasPrice
eth_getBlockByNumber
eth_chainId
eth_getTransactionCount
eth_chainId
eth_estimateGas
eth_chainId
eth_sendRawTransaction

    Transaction: 0xbf30df35c23379db25fb3eaded7d15d2185c49321fa4e84427832790c19f4312
    Contract created: 0x9fe46736679d2d9a65f0992f2272de9f3c7fa6e0
    Gas used: 1126941

    Block Number: 5
    Block Hash: 0x78398fa9a61070274bff9a4215f29b7b593134d1b04b5d99e29b8a0f7f639b5f
    Block Time: "Wed, 31 Jul 2024 14:11:41 +0000"

eth_chainId
eth_getTransactionReceipt
eth_chainId
eth_gasPrice
eth_getBlockByNumber
eth_chainId
eth_getTransactionCount
eth_chainId
eth_estimateGas
eth_chainId
eth_sendRawTransaction

    Transaction: 0xa6ba816e8e1e5ba6ae037bbbfe7023db4513637fe3b4e048f7602b7e6f9b44b8
    Contract created: 0xcf7ed3acca5a467e9e704c703e8d87f634fb0fc9
    Gas used: 1513177

    Block Number: 6
    Block Hash: 0xeed38c77d579db4d59e6a8765f59ce25254c72bca50a63cee4024650fdc2abdf
    Block Time: "Wed, 31 Jul 2024 14:11:42 +0000"

eth_chainId
eth_getTransactionReceipt
eth_chainId
eth_gasPrice
eth_getBlockByNumber
eth_chainId
eth_getTransactionCount
eth_chainId
eth_estimateGas
eth_chainId
eth_sendRawTransaction

    Transaction: 0x00f7a5ba5f3783d278f005c12a3117be5682b8c6aa7da0b838f9b4c106d621e4
    Contract created: 0xdc64a140aa3e981100a9beca4e685f962f0cf6c9
    Gas used: 3923596

    Block Number: 7
    Block Hash: 0x70ebb928c0195c850d0f5f517b175cb7c49bc05d273ad149b809b3eab6b2ad71
    Block Time: "Wed, 31 Jul 2024 14:11:43 +0000"

eth_chainId
eth_getTransactionReceipt
eth_chainId
eth_getBlockByNumber
eth_gasPrice
eth_chainId
eth_getTransactionCount
eth_chainId
eth_estimateGas
eth_chainId
eth_sendRawTransaction

    Transaction: 0x5335a82b914c9b7449dba564ee38a955c2bd1941de5674914787acb573bc225d
    Contract created: 0x5fc8d32690cc91d4c39d9d3abcbd16989f875707
    Gas used: 415552

    Block Number: 8
    Block Hash: 0x93a768f348fb6ad1b9415336238e829ff14f55cae4d5d21e1366446e25bb2eb8
    Block Time: "Wed, 31 Jul 2024 14:11:44 +0000"

eth_chainId
eth_getTransactionReceipt
eth_chainId
eth_gasPrice
eth_getBlockByNumber
eth_chainId
eth_getTransactionCount
eth_chainId
eth_estimateGas
eth_chainId
eth_sendRawTransaction

    Transaction: 0x5393d4ec0dbb2a880abf4c847a0380238aea2ad0403dff05f55870d48a2eb088
    Gas used: 30289

    Block Number: 9
    Block Hash: 0xa86b3feae6c711cabc1a3fb6ffee0283813cd34a1e48fefadada8400d23307d0
    Block Time: "Wed, 31 Jul 2024 14:11:45 +0000"

eth_chainId
eth_getTransactionReceipt
eth_chainId
eth_getBlockByNumber
eth_gasPrice
eth_chainId
eth_getTransactionCount
eth_chainId
eth_estimateGas
eth_chainId
eth_sendRawTransaction

    Transaction: 0x3f19be242e687bfc0b18ff6b12e56655be4646b28d36b6d3f8b0d1ce4708ab80
    Contract created: 0xa513e6e4b8f2a923d98304ec87f64353c4d5c853
    Gas used: 2496906

    Block Number: 10
    Block Hash: 0x1f926ae54df5960afd6e05b4ce70d69a3e1f4a270c8bbca0c0809bfa51fb0ee5
    Block Time: "Wed, 31 Jul 2024 14:11:46 +0000"

eth_chainId
eth_getTransactionReceipt
eth_chainId
eth_gasPrice
eth_getBlockByNumber
eth_chainId
eth_getTransactionCount
eth_chainId
eth_estimateGas
eth_chainId
eth_sendRawTransaction

    Transaction: 0x72c43b88f0edbfaf8002fab44d6f6ac0a4f1e0898f30ef503aa526b13e7fd8f1
    Contract created: 0x2279b7a0a67db372996a5fab50d91eaa73d2ebe6
    Gas used: 431385

    Block Number: 11
    Block Hash: 0x80d1e74711c93b8e22e8ab997669212f5e560a6699210801dccf9a01d9ae4693
    Block Time: "Wed, 31 Jul 2024 14:11:47 +0000"

eth_chainId
eth_getTransactionReceipt
eth_chainId
eth_getBlockByNumber
eth_gasPrice
eth_chainId
eth_getTransactionCount
eth_chainId
eth_estimateGas
eth_chainId
eth_sendRawTransaction

    Transaction: 0x82b421d8b7060a2fecbab2d7e5ccc297053304f04101dd7e774344896747ee4e
    Gas used: 51971

    Block Number: 12
    Block Hash: 0x5f7d62bf998b52e2e742d360bd1c439087805cb0692e0395d20e52a01b2c7bdb
    Block Time: "Wed, 31 Jul 2024 14:11:48 +0000"

eth_chainId
eth_call
eth_chainId
eth_getBlockByNumber
eth_gasPrice
eth_chainId
eth_getTransactionCount
eth_chainId
eth_estimateGas
eth_chainId
eth_sendRawTransaction

    Transaction: 0xe16083f8f6d3a5a6cb9af79c59722077f502fea4349c1bccf8dfdea6b747f4f9
    Contract created: 0x610178da211fef7d417bc0e6fed39f05609ad788
    Gas used: 917672

    Block Number: 13
    Block Hash: 0x9ff101fab6ec6f2946812d5496cd9b26664c057d24ea24bc5a399f0ba34cf7e0
    Block Time: "Wed, 31 Jul 2024 14:11:49 +0000"

eth_chainId
eth_getTransactionReceipt
eth_chainId
eth_gasPrice
eth_getBlockByNumber
eth_chainId
eth_getTransactionCount
eth_chainId
eth_estimateGas
eth_chainId
eth_sendRawTransaction

    Transaction: 0x7917ca8c68d08fe2bc4345b0b704cf12f779690920d164fad49dfb4a710ad06b
    Contract created: 0xb7f8bc63bbcad18155201308c8f3540b07f84f5e
    Gas used: 1611420

    Block Number: 14
    Block Hash: 0x056d1d09019e8eae693653ccca3769631fb052a9e9930c2988bc3f670f864ba4
    Block Time: "Wed, 31 Jul 2024 14:11:50 +0000"

eth_chainId
eth_getTransactionReceipt
eth_chainId
eth_gasPrice
eth_getBlockByNumber
eth_chainId
eth_getTransactionCount
eth_chainId
eth_estimateGas
eth_chainId
eth_sendRawTransaction

    Transaction: 0x2289a8bb5c04ab4783593651c95149216bf04e8190cdd230945bde13455fc394
    Contract created: 0xa51c1fc2f0d1a1b8494ed1fe312d7c3a78ed91c0
    Gas used: 538790

    Block Number: 15
    Block Hash: 0x652c13d6cf9b3f9141aaebf0d1e01e282ebb520c26e506bef75449de91fa01f7
    Block Time: "Wed, 31 Jul 2024 14:11:51 +0000"

eth_chainId
eth_getTransactionReceipt
eth_chainId
eth_gasPrice
eth_getBlockByNumber
eth_chainId
eth_getTransactionCount
eth_chainId
eth_estimateGas
eth_chainId
eth_sendRawTransaction

    Transaction: 0x991e0b9361f879d53f0b2ce1721f5c83cca954d1025ff51f068fcb2be1c1571a
    Contract created: 0x0dcd1bf9a1b36ce34237eeafef220932846bcd82
    Gas used: 1297722

    Block Number: 16
    Block Hash: 0x597f8482cdd2d7969546f4b69f29c4835f51d57802062dd4ecb52c036a762e85
    Block Time: "Wed, 31 Jul 2024 14:11:52 +0000"

eth_chainId
eth_getTransactionReceipt
eth_chainId
eth_gasPrice
eth_getBlockByNumber
eth_chainId
eth_getTransactionCount
eth_chainId
eth_estimateGas
eth_chainId
eth_sendRawTransaction

    Transaction: 0xe33b13be95e50bbe9f23f48882ad85c68e2a7cf9cd9351b37c0bfdf4117fb361
    Contract created: 0x9a676e781a523b5d0c0e43731313a708cb607508
    Gas used: 526682

    Block Number: 17
    Block Hash: 0x0fa8b34b4fcaee998357fb92cdbc1eb2600da01842d0843f8438ae82194d8ec7
    Block Time: "Wed, 31 Jul 2024 14:11:53 +0000"

eth_chainId
eth_getTransactionReceipt
eth_chainId
eth_call
eth_chainId
eth_gasPrice
eth_getBlockByNumber
eth_chainId
eth_getTransactionCount
eth_chainId
eth_estimateGas
eth_chainId
eth_sendRawTransaction

    Transaction: 0xfde6146d649bc4abf421fa9c74d75fe45ca2ed13111d85bf5a4409ede03bba0b
    Contract created: 0x0b306bf915c4d645ff596e518faf3f9669b97016
    Gas used: 4999132

    Block Number: 18
    Block Hash: 0x8044ab6fa0aa038a0f6abd0a374b560593d3bd17c15df0b12713769dd4756494
    Block Time: "Wed, 31 Jul 2024 14:11:54 +0000"

eth_chainId
eth_getTransactionReceipt
eth_chainId
eth_gasPrice
eth_getBlockByNumber
eth_chainId
eth_getTransactionCount
eth_chainId
eth_estimateGas
eth_chainId
eth_sendRawTransaction

    Transaction: 0x34ba228dce3d14ac7f40d6d47f9a3281234e3310e024a57e0d819d33207ddd49
    Gas used: 380583

    Block Number: 19
    Block Hash: 0x4f2036fa4658b197372ae9e4be7f648345cce12e3da2217359d3eea749125f86
    Block Time: "Wed, 31 Jul 2024 14:11:55 +0000"

eth_chainId
eth_gasPrice
eth_getBlockByNumber
eth_chainId
eth_getTransactionCount
eth_chainId
eth_estimateGas
eth_chainId
eth_sendRawTransaction

    Transaction: 0xf85f96cb05d20f3060b0ae366ff118cbdb4442e3a8e2cb428eb3c68d5090061b
    Contract created: 0x9a9f2ccfde556a7e9ff0848998aa4a0cfd8863ae
    Gas used: 2393982

    Block Number: 20
    Block Hash: 0x7db8c5d8211e95d99e2c4327deea5943afa33f0e337d8bf028dcda685beebd6d
    Block Time: "Wed, 31 Jul 2024 14:11:56 +0000"

eth_chainId
eth_getTransactionReceipt
eth_chainId
eth_gasPrice
eth_getBlockByNumber
eth_chainId
eth_getTransactionCount
eth_chainId
eth_estimateGas
eth_chainId
eth_sendRawTransaction

    Transaction: 0x041bbefb1f6eaf1276d0d7cc6ba14b3d724fcf6fdc22278a81b1640739423d5a
    Gas used: 324067

    Block Number: 21
    Block Hash: 0x6988dac73493dc084f5dcbd0eafd5c2c5aeb982f56fb6aca949fd5d6d3e608c1
    Block Time: "Wed, 31 Jul 2024 14:11:57 +0000"

eth_chainId
eth_gasPrice
eth_getBlockByNumber
eth_chainId
eth_getTransactionCount
eth_chainId
eth_sendRawTransaction

    Transaction: 0xf1b44cc638c397e8289a2d8b69874c6a8714d4634aa01e6a6a62859468b02b0b
    Gas used: 1291495

    Block Number: 22
    Block Hash: 0xfb07ade1d6e970c3db7ded5083a616362e23f8dfcd623c5b9e56f87e2e4ae768
    Block Time: "Wed, 31 Jul 2024 14:11:58 +0000"

eth_chainId
eth_getTransactionReceipt
eth_chainId
eth_call
eth_chainId
eth_gasPrice
eth_getBlockByNumber
eth_chainId
eth_getTransactionCount
eth_chainId
eth_sendRawTransaction

    Transaction: 0xb0937bc3613eb77de0a5bef913e25fdf8fa95a52032540253ba77a29ef762d2e
    Gas used: 166785

    Block Number: 23
    Block Hash: 0x1da13fd0fe39b7fb9aba1baafeac848bb557f457a694f12069f83251e1beb370
    Block Time: "Wed, 31 Jul 2024 14:11:59 +0000"

eth_chainId
eth_getTransactionReceipt
eth_chainId
eth_getBlockByNumber
eth_gasPrice
eth_chainId
eth_getTransactionCount
eth_chainId
eth_estimateGas
eth_chainId
eth_sendRawTransaction

    Transaction: 0x6718fa638720a36c9c7ce3de6eda4400475444dd83bb2cff52252763e9b0894f
    Gas used: 521015

    Block Number: 24
    Block Hash: 0x5e4504df35e089e2b7eca3fbf4d61a9da44aa6406829b08dab8197b14584cd5a
    Block Time: "Wed, 31 Jul 2024 14:12:00 +0000"

eth_chainId
eth_getTransactionReceipt
eth_chainId
eth_getLogs
eth_blockNumber
eth_chainId
eth_chainId
eth_getLogs
eth_blockNumber
eth_chainId
eth_chainId
eth_getLogs
eth_chainId
eth_getLogs
eth_chainId
eth_getLogs
eth_chainId
eth_getLogs
eth_chainId
eth_getLogs
eth_chainId
eth_getLogs
eth_chainId
eth_getLogs
eth_chainId
eth_getLogs
eth_chainId
eth_getLogs
eth_blockNumber
eth_chainId
eth_blockNumber
eth_chainId
eth_blockNumber
eth_chainId
eth_blockNumber
eth_chainId
eth_blockNumber
eth_chainId
eth_blockNumber
eth_chainId
eth_chainId
eth_blockNumber
eth_chainId
eth_blockNumber
eth_blockNumber
eth_chainId
eth_blockNumber
eth_chainId
eth_blockNumber
eth_chainId
eth_blockNumber
eth_chainId
eth_getTransactionCount
eth_blockNumber
eth_chainId
eth_gasPrice
eth_getBlockByNumber
eth_blockNumber
eth_chainId
eth_getBlockByNumber
eth_gasPrice
eth_getTransactionCount
eth_getBalance
eth_getCode
eth_getCode
eth_getTransactionCount
eth_getBalance
eth_getBalance
eth_getCode
eth_getTransactionCount
eth_getCode
eth_getTransactionCount
eth_getBalance
eth_getBalance
eth_getTransactionCount
eth_getCode
eth_chainId
eth_chainId
eth_blockNumber
eth_chainId
eth_gasPrice
eth_getBlockByNumber
eth_chainId
eth_feeHistory
eth_feeHistory
eth_sendRawTransaction

    Transaction: 0xae4ba2da03f37e1f607726abd68fd0bcb5181b51d431170750f92b6df9d8e9be
    Contract created: 0x8464135c8f25da09e49bc8782676a84730c318bc
    Gas used: 796088

    Block Number: 25
    Block Hash: 0xdc20564602099bb25d27ef63bd28fe2cad2314b88dc13a8a661c2002f821de45
    Block Time: "Wed, 31 Jul 2024 14:12:19 +0000"

eth_getTransactionReceipt
eth_getTransactionCount
eth_blockNumber
eth_chainId
eth_gasPrice
eth_getBlockByNumber
eth_blockNumber
eth_chainId
eth_getBlockByNumber
eth_gasPrice
eth_getTransactionCount
eth_getBalance
eth_getCode
eth_getBalance
eth_getTransactionCount
eth_getCode
eth_getBalance
eth_getCode
eth_getTransactionCount
eth_getBalance
eth_getTransactionCount
eth_getCode
eth_getBalance
eth_getTransactionCount
eth_getCode
eth_chainId
eth_chainId
eth_blockNumber
eth_chainId
eth_getBlockByNumber
eth_gasPrice
eth_chainId
eth_feeHistory
eth_feeHistory
eth_sendRawTransaction

    Transaction: 0x0010c64abf7e689f083c338f7f02c9c3d53bfd621b17f08490bbf615df0ec68b
    Contract created: 0x71c95911e9a5d330f4d621842ec243ee1343292e
    Gas used: 1074655

    Block Number: 26
    Block Hash: 0x7b6da72265a625e2664c6027712c348573bdb3f6f8cd7397ff248fb32cde14e6
    Block Time: "Wed, 31 Jul 2024 14:12:20 +0000"

eth_getTransactionReceipt
eth_getTransactionCount
eth_blockNumber
eth_chainId
eth_getBlockByNumber
eth_gasPrice
eth_blockNumber
eth_chainId
eth_gasPrice
eth_getBlockByNumber
eth_getCode
eth_getTransactionCount
eth_getBalance
eth_getTransactionCount
eth_getBalance
eth_getCode
eth_getCode
eth_getTransactionCount
eth_getBalance
eth_getBalance
eth_getTransactionCount
eth_getCode
eth_getTransactionCount
eth_getCode
eth_getBalance
eth_chainId
eth_chainId
eth_blockNumber
eth_chainId
eth_getBlockByNumber
eth_gasPrice
eth_chainId
eth_feeHistory
eth_feeHistory
eth_sendRawTransaction

    Transaction: 0x394fcd5472d83e90ddb5f75b381b9af83ca7453d9b5e63a85e19ba9d7a81d834
    Contract created: 0x948b3c65b89df0b4894abe91e6d02fe579834f8f
    Gas used: 819749

    Block Number: 27
    Block Hash: 0xb4359d646ed364be8bea7d0b98bb0e18e6e452d29708ae2ad56ead948c0bc820
    Block Time: "Wed, 31 Jul 2024 14:12:21 +0000"

eth_getTransactionReceipt
eth_getTransactionCount
eth_blockNumber
eth_chainId
eth_getBlockByNumber
eth_gasPrice
eth_blockNumber
eth_chainId
eth_gasPrice
eth_getBlockByNumber
eth_getTransactionCount
eth_getCode
eth_getBalance
eth_getBalance
eth_getTransactionCount
eth_getCode
eth_getBalance
eth_getTransactionCount
eth_getCode
eth_getBalance
eth_getTransactionCount
eth_getCode
eth_getBalance
eth_getTransactionCount
eth_getCode
eth_getCode
eth_getTransactionCount
eth_getBalance
eth_chainId
eth_chainId
eth_blockNumber
eth_chainId
eth_gasPrice
eth_getBlockByNumber
eth_chainId
eth_feeHistory
eth_feeHistory
eth_sendRawTransaction

    Transaction: 0xbf0aed3d25abfc0f3f49d70a249c5ce1979506f6e49990f76a6502168d60b6c3
    Contract created: 0x712516e61c8b383df4a63cfe83d7701bce54b03e
    Gas used: 1260003

    Block Number: 28
    Block Hash: 0x4132105862b04c9a7cc46425db32b6105ae38c4924936d8e63ef11dadc97dcc2
    Block Time: "Wed, 31 Jul 2024 14:12:22 +0000"

eth_getTransactionReceipt
eth_blockNumber
eth_chainId
eth_chainId
eth_getLogs
eth_blockNumber
eth_chainId
eth_chainId
eth_getLogs
eth_chainId
eth_getLogs
eth_chainId
eth_getLogs
eth_chainId
eth_getLogs
eth_chainId
eth_getLogs
eth_chainId
eth_getLogs
eth_chainId
eth_getLogs
eth_chainId
eth_getLogs
eth_chainId
eth_getLogs
eth_blockNumber
eth_chainId
eth_blockNumber
eth_chainId
eth_blockNumber
eth_chainId
eth_blockNumber
eth_chainId
eth_blockNumber
eth_chainId
eth_blockNumber
eth_chainId
eth_blockNumber
eth_chainId
eth_blockNumber
eth_chainId
eth_blockNumber
eth_chainId
eth_blockNumber
eth_chainId
eth_blockNumber
eth_chainId
eth_blockNumber
eth_chainId
eth_blockNumber
eth_chainId
eth_blockNumber
eth_chainId
eth_blockNumber
eth_chainId
eth_blockNumber
eth_chainId
eth_chainId
eth_blockNumber
eth_blockNumber
eth_chainId
eth_blockNumber
eth_chainId
eth_blockNumber
eth_chainId
eth_blockNumber
eth_chainId
eth_blockNumber
eth_chainId
eth_blockNumber
eth_chainId
eth_blockNumber
eth_chainId
eth_blockNumber
eth_chainId
eth_blockNumber
eth_chainId
eth_blockNumber
eth_chainId
eth_blockNumber
eth_chainId
eth_blockNumber
eth_chainId
eth_chainId
eth_blockNumber
eth_blockNumber
eth_chainId
eth_blockNumber
eth_chainId
eth_blockNumber
eth_chainId
eth_blockNumber
eth_chainId
eth_blockNumber
eth_chainId
eth_blockNumber
eth_chainId
eth_blockNumber
eth_chainId
eth_blockNumber
eth_chainId
eth_blockNumber
eth_chainId
eth_blockNumber
eth_chainId
eth_blockNumber
eth_chainId
