
[32m
                             _   _
                            (_) | |
      __ _   _ __   __   __  _  | |
     / _` | | '_ \  \ \ / / | | | |
    | (_| | | | | |  \ V /  | | | |
     \__,_| |_| |_|   \_/   |_| |_|
[0m
    0.2.0 (f0d9eec 2024-04-30T00:16:44.970312000Z)
    [32mhttps://github.com/foundry-rs/foundry[0m

Available Accounts
==================

(0) 0xf39Fd6e51aad88F6F4ce6aB8827279cffFb92266 (10000.000000000000000000 ETH)
(1) 0x70997970C51812dc3A010C7d01b50e0d17dc79C8 (10000.000000000000000000 ETH)
(2) 0x3C44CdDdB6a900fa2b585dd299e03d12FA4293BC (10000.000000000000000000 ETH)
(3) 0x90F79bf6EB2c4f870365E785982E1f101E93b906 (10000.000000000000000000 ETH)
(4) 0x15d34AAf54267DB7D7c367839AAf71A00a2C6A65 (10000.000000000000000000 ETH)
(5) 0x9965507D1a55bcC2695C58ba16FB37d819B0A4dc (10000.000000000000000000 ETH)
(6) 0x976EA74026E726554dB657fA54763abd0C3a0aa9 (10000.000000000000000000 ETH)
(7) 0x14dC79964da2C08b23698B3D3cc7Ca32193d9955 (10000.000000000000000000 ETH)
(8) 0x23618e81E3f5cdF7f54C3d65f7FBc0aBf5B21E8f (10000.000000000000000000 ETH)
(9) 0xa0Ee7A142d267C1f36714E4a8F75612F20a79720 (10000.000000000000000000 ETH)

Private Keys
==================

(0) 0xac0974bec39a17e36ba4a6b4d238ff944bacb478cbed5efcae784d7bf4f2ff80
(1) 0x59c6995e998f97a5a0044966f0945389dc9e86dae88c7a8412f4603b6b78690d
(2) 0x5de4111afa1a4b94908f83103eb1f1706367c2e68ca870fc3fb9a804cdab365a
(3) 0x7c852118294e51e653712a81e05800f419141751be58f605c371e15141b007a6
(4) 0x47e179ec197488593b187f80a00eb0da91f1b9d0b13f8733639f19c30a34926a
(5) 0x8b3a350cf5c34c9194ca85829a2df0ec3153be0318b5e2d3348e872092edffba
(6) 0x92db14e403b83dfe3df233f83dfa3a0d7096f21ca9b0d6d6b8d88b2b4ec1564e
(7) 0x4bbbf85ce3377467afe5d46f804f221813b2bb87f24d81f60f1fcdbf7cbf4356
(8) 0xdbda1821b80551c9d65939329250298aa3472ba22feea921c0cf5d620ea67b97
(9) 0x2a871d0798f97d79848a013d4936a73bf4cc922c825d33c1cf7073dff6d409c6

Wallet
==================
Mnemonic:          test test test test test test test test test test test junk
Derivation path:   m/44'/60'/0'/0/


Chain ID
==================

[32m31337[0m

Base Fee
==================

[32m1000000000[0m

Gas Limit
==================

[32m30000000[0m

Genesis Timestamp
==================

[32m1722435084[0m

Listening on 0.0.0.0:8546
eth_blockNumber
eth_chainId
eth_blockNumber
eth_chainId
eth_chainId
eth_chainId
eth_blockNumber
eth_chainId
eth_chainId
eth_gasPrice
eth_getBlockByNumber
eth_chainId
eth_getTransactionCount
eth_chainId
eth_estimateGas
eth_chainId
eth_sendRawTransaction

    Transaction: 0xef87b22568ac9799d6864c6f11bf306f3022c7939ca45a7e735ac79a99bcdacb
    Gas used: 21000

    Block Number: 1
    Block Hash: 0x0a4bba0910b2d4d668ca9ec480c39bff92cfcc6d10f19f843e937822867b439e
    Block Time: "Wed, 31 Jul 2024 14:11:35 +0000"

eth_chainId
eth_getTransactionReceipt
eth_chainId
eth_getBlockByNumber
eth_gasPrice
eth_chainId
eth_getTransactionCount
eth_chainId
eth_estimateGas
eth_chainId
eth_sendRawTransaction

    Transaction: 0xc3f769de7d21e70220c7a54270001efcdefca2d69786b13645f7d103d7653363
    Contract created: 0x69aeb7dc4f2a86873dae8d753de89326cf90a77a
    Gas used: 520974

    Block Number: 2
    Block Hash: 0x6262a4b8757bcf57a97beba776933b8b1e15bfcb6814d25dd530d7cfcdf4c1eb
    Block Time: "Wed, 31 Jul 2024 14:11:36 +0000"

eth_chainId
eth_getTransactionReceipt
eth_chainId
eth_gasPrice
eth_getBlockByNumber
eth_chainId
eth_getTransactionCount
eth_chainId
eth_estimateGas
eth_chainId
eth_sendRawTransaction

    Transaction: 0x2781d17036087c82e6667b3b0d04b7566d7641292b1ee97f62ccdd59af8fa13e
    Gas used: 21000

    Block Number: 3
    Block Hash: 0x1f8b8e035617f969edc9bf06c1f29c8595f9c4b390527bfc6f254ad498591a2c
    Block Time: "Wed, 31 Jul 2024 14:11:37 +0000"

eth_chainId
eth_getTransactionReceipt
eth_chainId
eth_gasPrice
eth_getBlockByNumber
eth_chainId
eth_getTransactionCount
eth_chainId
eth_estimateGas
eth_chainId
eth_sendRawTransaction

    Transaction: 0xdae83bb230adaf17aa5a38a2cd5bf3b5642ab9f4c894b475a1d361d5a0197a06
    Contract created: 0x783e7717fd4592814614afc47ee92568a495ce0b
    Gas used: 738103

    Block Number: 4
    Block Hash: 0xfd72f73f1d6fdb020350baa3f2c837e835f9e7370ae3ad0929a14be937150091
    Block Time: "Wed, 31 Jul 2024 14:11:38 +0000"

eth_chainId
eth_getTransactionReceipt
eth_chainId
eth_gasPrice
eth_getBlockByNumber
eth_chainId
eth_getTransactionCount
eth_chainId
eth_estimateGas
eth_chainId
eth_sendRawTransaction

    Transaction: 0xbf30df35c23379db25fb3eaded7d15d2185c49321fa4e84427832790c19f4312
    Contract created: 0x9fe46736679d2d9a65f0992f2272de9f3c7fa6e0
    Gas used: 1126941

    Block Number: 5
    Block Hash: 0xce4e6267af1d4da7e1eda54121adafc56f1af35903be9506fa3d22aea72c4756
    Block Time: "Wed, 31 Jul 2024 14:11:39 +0000"

eth_chainId
eth_getTransactionReceipt
eth_chainId
eth_gasPrice
eth_getBlockByNumber
eth_chainId
eth_getTransactionCount
eth_chainId
eth_estimateGas
eth_chainId
eth_sendRawTransaction

    Transaction: 0xa6ba816e8e1e5ba6ae037bbbfe7023db4513637fe3b4e048f7602b7e6f9b44b8
    Contract created: 0xcf7ed3acca5a467e9e704c703e8d87f634fb0fc9
    Gas used: 1513177

    Block Number: 6
    Block Hash: 0x2053e0902d325d1bfa83a5dad48beaf2af0f2f15657f546920ec88c5f9d3e5a7
    Block Time: "Wed, 31 Jul 2024 14:11:40 +0000"

eth_chainId
eth_getTransactionReceipt
eth_chainId
eth_gasPrice
eth_getBlockByNumber
eth_chainId
eth_getTransactionCount
eth_chainId
eth_estimateGas
eth_chainId
eth_sendRawTransaction

    Transaction: 0x00f7a5ba5f3783d278f005c12a3117be5682b8c6aa7da0b838f9b4c106d621e4
    Contract created: 0xdc64a140aa3e981100a9beca4e685f962f0cf6c9
    Gas used: 3923596

    Block Number: 7
    Block Hash: 0x64f398ae64a930b22ec57b66bc9839f9ab8712b598f418115185cfb7b2ad8684
    Block Time: "Wed, 31 Jul 2024 14:11:41 +0000"

eth_chainId
eth_getTransactionReceipt
eth_chainId
eth_gasPrice
eth_getBlockByNumber
eth_chainId
eth_getTransactionCount
eth_chainId
eth_estimateGas
eth_chainId
eth_sendRawTransaction

    Transaction: 0x5335a82b914c9b7449dba564ee38a955c2bd1941de5674914787acb573bc225d
    Contract created: 0x5fc8d32690cc91d4c39d9d3abcbd16989f875707
    Gas used: 415552

    Block Number: 8
    Block Hash: 0x7576be1873a9807a358664b9cbd7dee84f532d3b9a86c4d3539786a358ff29a7
    Block Time: "Wed, 31 Jul 2024 14:11:42 +0000"

eth_chainId
eth_getTransactionReceipt
eth_chainId
eth_getBlockByNumber
eth_gasPrice
eth_chainId
eth_getTransactionCount
eth_chainId
eth_estimateGas
eth_chainId
eth_sendRawTransaction

    Transaction: 0x5393d4ec0dbb2a880abf4c847a0380238aea2ad0403dff05f55870d48a2eb088
    Gas used: 30289

    Block Number: 9
    Block Hash: 0x443763989bdf293fd1de9f8bcafc1bfc71e8eefa9e7aa8a0be3eab5bf1e558e2
    Block Time: "Wed, 31 Jul 2024 14:11:43 +0000"

eth_chainId
eth_getTransactionReceipt
eth_chainId
eth_gasPrice
eth_getBlockByNumber
eth_chainId
eth_getTransactionCount
eth_chainId
eth_estimateGas
eth_chainId
eth_sendRawTransaction

    Transaction: 0x3f19be242e687bfc0b18ff6b12e56655be4646b28d36b6d3f8b0d1ce4708ab80
    Contract created: 0xa513e6e4b8f2a923d98304ec87f64353c4d5c853
    Gas used: 2496906

    Block Number: 10
    Block Hash: 0xc20a27996da5db0050e17ba14d5f1b33296c3c1334b4db661d63aa09a835a165
    Block Time: "Wed, 31 Jul 2024 14:11:44 +0000"

eth_chainId
eth_getTransactionReceipt
eth_chainId
eth_gasPrice
eth_getBlockByNumber
eth_chainId
eth_getTransactionCount
eth_chainId
eth_estimateGas
eth_chainId
eth_sendRawTransaction

    Transaction: 0x72c43b88f0edbfaf8002fab44d6f6ac0a4f1e0898f30ef503aa526b13e7fd8f1
    Contract created: 0x2279b7a0a67db372996a5fab50d91eaa73d2ebe6
    Gas used: 431385

    Block Number: 11
    Block Hash: 0x9835538f22ee8a596d63f2c5e824f0709279af45466044d3495fc239bc656954
    Block Time: "Wed, 31 Jul 2024 14:11:45 +0000"

eth_chainId
eth_getTransactionReceipt
eth_chainId
eth_gasPrice
eth_getBlockByNumber
eth_chainId
eth_getTransactionCount
eth_chainId
eth_estimateGas
eth_chainId
eth_sendRawTransaction

    Transaction: 0x82b421d8b7060a2fecbab2d7e5ccc297053304f04101dd7e774344896747ee4e
    Gas used: 51971

    Block Number: 12
    Block Hash: 0xdd50f78c86d391e15450fd58c11ada2330edd4e1ce246934e5618d5aa5221147
    Block Time: "Wed, 31 Jul 2024 14:11:46 +0000"

eth_chainId
eth_call
eth_chainId
eth_gasPrice
eth_getBlockByNumber
eth_chainId
eth_getTransactionCount
eth_chainId
eth_estimateGas
eth_chainId
eth_sendRawTransaction

    Transaction: 0xe16083f8f6d3a5a6cb9af79c59722077f502fea4349c1bccf8dfdea6b747f4f9
    Contract created: 0x610178da211fef7d417bc0e6fed39f05609ad788
    Gas used: 917672

    Block Number: 13
    Block Hash: 0x3307e1f8b0641fb69e34f1928c687a4d4263992664213aaff3fd84f590362c21
    Block Time: "Wed, 31 Jul 2024 14:11:47 +0000"

eth_chainId
eth_getTransactionReceipt
eth_chainId
eth_gasPrice
eth_getBlockByNumber
eth_chainId
eth_getTransactionCount
eth_chainId
eth_estimateGas
eth_chainId
eth_sendRawTransaction

    Transaction: 0x7917ca8c68d08fe2bc4345b0b704cf12f779690920d164fad49dfb4a710ad06b
    Contract created: 0xb7f8bc63bbcad18155201308c8f3540b07f84f5e
    Gas used: 1611420

    Block Number: 14
    Block Hash: 0xd68ddc115bce388a09413da0b9cfe2740c2e2908827bf7adb79ff8c5a83b9586
    Block Time: "Wed, 31 Jul 2024 14:11:48 +0000"

eth_chainId
eth_getTransactionReceipt
eth_chainId
eth_getBlockByNumber
eth_gasPrice
eth_chainId
eth_getTransactionCount
eth_chainId
eth_estimateGas
eth_chainId
eth_sendRawTransaction

    Transaction: 0x2289a8bb5c04ab4783593651c95149216bf04e8190cdd230945bde13455fc394
    Contract created: 0xa51c1fc2f0d1a1b8494ed1fe312d7c3a78ed91c0
    Gas used: 538790

    Block Number: 15
    Block Hash: 0xb58d2fd3f7a49cdfa2239ffd83edfcd96cc009efc64dcf86c77204c7430e8908
    Block Time: "Wed, 31 Jul 2024 14:11:49 +0000"

eth_chainId
eth_getTransactionReceipt
eth_chainId
eth_getBlockByNumber
eth_gasPrice
eth_chainId
eth_getTransactionCount
eth_chainId
eth_estimateGas
eth_chainId
eth_sendRawTransaction

    Transaction: 0x991e0b9361f879d53f0b2ce1721f5c83cca954d1025ff51f068fcb2be1c1571a
    Contract created: 0x0dcd1bf9a1b36ce34237eeafef220932846bcd82
    Gas used: 1297722

    Block Number: 16
    Block Hash: 0x769774624be46cbbc23779171a0b95ecaaec3660c141d5ce29ab2603303b8202
    Block Time: "Wed, 31 Jul 2024 14:11:50 +0000"

eth_chainId
eth_getTransactionReceipt
eth_chainId
eth_gasPrice
eth_getBlockByNumber
eth_chainId
eth_getTransactionCount
eth_chainId
eth_estimateGas
eth_chainId
eth_sendRawTransaction

    Transaction: 0xe33b13be95e50bbe9f23f48882ad85c68e2a7cf9cd9351b37c0bfdf4117fb361
    Contract created: 0x9a676e781a523b5d0c0e43731313a708cb607508
    Gas used: 526682

    Block Number: 17
    Block Hash: 0xb70eb008a9909c53be828f54d9b92b1bf19b695d742669b6e5422ce1092041f5
    Block Time: "Wed, 31 Jul 2024 14:11:51 +0000"

eth_chainId
eth_getTransactionReceipt
eth_chainId
eth_call
eth_chainId
eth_gasPrice
eth_getBlockByNumber
eth_chainId
eth_getTransactionCount
eth_chainId
eth_estimateGas
eth_chainId
eth_sendRawTransaction

    Transaction: 0x18643b8fd50794d27421eda9d77c601351d72d821bf453ab0436ad1ebcecf749
    Contract created: 0x0b306bf915c4d645ff596e518faf3f9669b97016
    Gas used: 4999168

    Block Number: 18
    Block Hash: 0x7f90b6fb95c2371c166132eb64b3d7a96560afe3a2d6a80c2cf27cc1e53b0460
    Block Time: "Wed, 31 Jul 2024 14:11:52 +0000"

eth_chainId
eth_getTransactionReceipt
eth_chainId
eth_gasPrice
eth_getBlockByNumber
eth_chainId
eth_getTransactionCount
eth_chainId
eth_estimateGas
eth_chainId
eth_sendRawTransaction

    Transaction: 0xbbd143216b21bd4bd6473d8127f5ba80b4d27221c1f7251f09b12e501318ba1e
    Gas used: 380619

    Block Number: 19
    Block Hash: 0x3ddaa830d8cee8b45ad469be3b051892e7337695ca366164f6d6cd7d7bb38a0a
    Block Time: "Wed, 31 Jul 2024 14:11:53 +0000"

eth_chainId
eth_getBlockByNumber
eth_gasPrice
eth_chainId
eth_getTransactionCount
eth_chainId
eth_estimateGas
eth_chainId
eth_sendRawTransaction

    Transaction: 0x7c8f78a4de39f476cee03f30317c44fc10e1ac9cb40df4d8a37ffc5241ac4fec
    Contract created: 0x9a9f2ccfde556a7e9ff0848998aa4a0cfd8863ae
    Gas used: 2393982

    Block Number: 20
    Block Hash: 0x080c2d09ec47fa25dc5f7e2887b16a55d016711fb5123339baa6e300fd412de5
    Block Time: "Wed, 31 Jul 2024 14:11:54 +0000"

eth_chainId
eth_getTransactionReceipt
eth_chainId
eth_gasPrice
eth_getBlockByNumber
eth_chainId
eth_getTransactionCount
eth_chainId
eth_estimateGas
eth_chainId
eth_sendRawTransaction

    Transaction: 0xaf1ab701935fc11447d2a07c8e8246cfbc0c6b477af9c77ccff0b9f38a7b1f55
    Gas used: 324067

    Block Number: 21
    Block Hash: 0x541eeba87c50f12204e18cc91c3ca3f1c4a89d2f8700d245b0add76e7336bf7a
    Block Time: "Wed, 31 Jul 2024 14:11:55 +0000"

eth_chainId
eth_gasPrice
eth_getBlockByNumber
eth_chainId
eth_getTransactionCount
eth_chainId
eth_sendRawTransaction

    Transaction: 0x5b2c11fd799fef492c7468b3d036327e813dbd035f7fdcc5ab9370909ac9c3df
    Gas used: 1291539

    Block Number: 22
    Block Hash: 0xa37c171ead5cb29a92aec9f01794d21bbd51efc6af01ffb80abf278c2131efc3
    Block Time: "Wed, 31 Jul 2024 14:11:56 +0000"

eth_chainId
eth_getTransactionReceipt
eth_chainId
eth_call
eth_chainId
eth_gasPrice
eth_getBlockByNumber
eth_chainId
eth_getTransactionCount
eth_chainId
eth_sendRawTransaction
eth_chainId

    Transaction: 0xb3374bb08d73962fe5c8b865f6ec1d69c0091dbb063776fff78d6ab71a760270
    Gas used: 166765

    Block Number: 23
    Block Hash: 0xb411008a2da552b52018125b105d2dbda8512e45c36570d31aa445b14f28cffd
    Block Time: "Wed, 31 Jul 2024 14:11:57 +0000"

eth_getTransactionReceipt
eth_chainId
eth_gasPrice
eth_getBlockByNumber
eth_chainId
eth_getTransactionCount
eth_chainId
eth_estimateGas
eth_chainId
eth_sendRawTransaction

    Transaction: 0xd98f2edef420a3d29cf94698af5413ef19b9dfc9a2e52773ac34739842934073
    Gas used: 521015

    Block Number: 24
    Block Hash: 0x148f2b87edca9b1c79da661cf850940daa9033f9377da0f8a99be00ae5432c37
    Block Time: "Wed, 31 Jul 2024 14:11:58 +0000"

eth_chainId
eth_getTransactionReceipt
eth_blockNumber
eth_chainId
eth_chainId
eth_getLogs
eth_blockNumber
eth_chainId
eth_blockNumber
eth_chainId
eth_chainId
eth_getLogs
eth_chainId
eth_getLogs
eth_chainId
eth_getLogs
eth_chainId
eth_getLogs
eth_chainId
eth_getLogs
eth_chainId
eth_getLogs
eth_chainId
eth_getLogs
eth_chainId
eth_getLogs
eth_chainId
eth_getLogs
eth_blockNumber
eth_chainId
eth_blockNumber
eth_chainId
eth_blockNumber
eth_chainId
eth_blockNumber
eth_chainId
eth_blockNumber
eth_chainId
eth_blockNumber
eth_chainId
eth_blockNumber
eth_chainId
eth_blockNumber
eth_chainId
eth_blockNumber
eth_chainId
eth_blockNumber
eth_chainId
eth_getTransactionCount
eth_blockNumber
eth_chainId
eth_gasPrice
eth_getBlockByNumber
eth_blockNumber
eth_gasPrice
eth_getBlockByNumber
eth_chainId
eth_getBalance
eth_getTransactionCount
eth_getCode
eth_getBalance
eth_getTransactionCount
eth_getCode
eth_getBalance
eth_getTransactionCount
eth_getCode
eth_getBalance
eth_getCode
eth_getTransactionCount
eth_getBalance
eth_getTransactionCount
eth_getCode
eth_chainId
eth_chainId
eth_blockNumber
eth_chainId
eth_getBlockByNumber
eth_gasPrice
eth_chainId
eth_feeHistory
eth_feeHistory
eth_sendRawTransaction

    Transaction: 0x2a6e8484f2c0000c6ddcc3c6628922da1244c957e833c8850c76762734b188e4
    Contract created: 0x8464135c8f25da09e49bc8782676a84730c318bc
    Gas used: 796088

    Block Number: 25
    Block Hash: 0xae7eead5f85d5ef38dee01b759a0590157d8bd13d0f6442fb4f3c7b0f6973f11
    Block Time: "Wed, 31 Jul 2024 14:12:14 +0000"

eth_getTransactionReceipt
eth_getTransactionCount
eth_blockNumber
eth_chainId
eth_getBlockByNumber
eth_gasPrice
eth_blockNumber
eth_chainId
eth_getBlockByNumber
eth_gasPrice
eth_getTransactionCount
eth_getBalance
eth_getCode
eth_getCode
eth_getTransactionCount
eth_getBalance
eth_getCode
eth_getTransactionCount
eth_getBalance
eth_getCode
eth_getTransactionCount
eth_getBalance
eth_getCode
eth_getBalance
eth_getTransactionCount
eth_chainId
eth_chainId
eth_blockNumber
eth_chainId
eth_gasPrice
eth_getBlockByNumber
eth_chainId
eth_feeHistory
eth_feeHistory
eth_sendRawTransaction

    Transaction: 0xb4072ae0e8b2246dc96f8a691059352f8fdd374ac240f22e0651f306f9c7548d
    Contract created: 0x71c95911e9a5d330f4d621842ec243ee1343292e
    Gas used: 1074655

    Block Number: 26
    Block Hash: 0x2767772fe9d98c55f40b6c522830653ab6e64ab46a7a58bd72d9576cef00a6ba
    Block Time: "Wed, 31 Jul 2024 14:12:15 +0000"

eth_getTransactionReceipt
eth_getTransactionCount
eth_blockNumber
eth_chainId
eth_gasPrice
eth_getBlockByNumber
eth_blockNumber
eth_chainId
eth_getBlockByNumber
eth_gasPrice
eth_getTransactionCount
eth_getBalance
eth_getCode
eth_getBalance
eth_getCode
eth_getTransactionCount
eth_getBalance
eth_getCode
eth_getTransactionCount
eth_getBalance
eth_getTransactionCount
eth_getCode
eth_getBalance
eth_getTransactionCount
eth_getCode
eth_chainId
eth_chainId
eth_blockNumber
eth_chainId
eth_gasPrice
eth_getBlockByNumber
eth_chainId
eth_feeHistory
eth_feeHistory
eth_sendRawTransaction

    Transaction: 0x6b3738a189590c5cc762626c528a972f71292a44ea9f488e5b00efcddb63a9ae
    Contract created: 0x948b3c65b89df0b4894abe91e6d02fe579834f8f
    Gas used: 819749

    Block Number: 27
    Block Hash: 0xbef94a0e820208a16c71f09622b014489d9d8111ebacba9def12ad612c8ee23d
    Block Time: "Wed, 31 Jul 2024 14:12:16 +0000"

eth_getTransactionReceipt
eth_getTransactionCount
eth_blockNumber
eth_chainId
eth_getBlockByNumber
eth_gasPrice
eth_blockNumber
eth_chainId
eth_getBlockByNumber
eth_gasPrice
eth_getTransactionCount
eth_getBalance
eth_getCode
eth_getBalance
eth_getTransactionCount
eth_getCode
eth_getCode
eth_getTransactionCount
eth_getBalance
eth_getBalance
eth_getTransactionCount
eth_getCode
eth_getCode
eth_getTransactionCount
eth_getBalance
eth_getBalance
eth_getTransactionCount
eth_getCode
eth_chainId
eth_chainId
eth_blockNumber
eth_chainId
eth_gasPrice
eth_getBlockByNumber
eth_chainId
eth_feeHistory
eth_feeHistory
eth_sendRawTransaction

    Transaction: 0x5c91ec1f6caf749d1d2c20508aadf7d4991af8deabbdf2480b82fde581e5c2c6
    Contract created: 0x712516e61c8b383df4a63cfe83d7701bce54b03e
    Gas used: 1260003

    Block Number: 28
    Block Hash: 0x7ad08678f2b6117ecc8a17f4a2dc625c70b91c009c7f4a6a35f7286f984830c7
    Block Time: "Wed, 31 Jul 2024 14:12:17 +0000"

eth_getTransactionReceipt
eth_blockNumber
eth_chainId
eth_chainId
eth_getLogs
eth_blockNumber
eth_chainId
eth_chainId
eth_getLogs
eth_chainId
eth_getLogs
eth_chainId
eth_getLogs
eth_chainId
eth_getLogs
eth_chainId
eth_getLogs
eth_chainId
eth_getLogs
eth_chainId
eth_getLogs
eth_chainId
eth_getLogs
eth_chainId
eth_getLogs
eth_blockNumber
eth_chainId
eth_blockNumber
eth_chainId
eth_blockNumber
eth_chainId
eth_blockNumber
eth_chainId
eth_blockNumber
eth_chainId
eth_blockNumber
eth_chainId
eth_blockNumber
eth_chainId
eth_blockNumber
eth_chainId
eth_blockNumber
eth_chainId
eth_blockNumber
eth_chainId
eth_blockNumber
eth_chainId
eth_blockNumber
eth_chainId
eth_blockNumber
eth_chainId
eth_blockNumber
eth_chainId
eth_blockNumber
eth_chainId
eth_blockNumber
eth_chainId
eth_blockNumber
eth_chainId
eth_blockNumber
eth_chainId
eth_blockNumber
eth_chainId
eth_blockNumber
eth_chainId
eth_blockNumber
eth_chainId
eth_blockNumber
eth_chainId
eth_blockNumber
eth_chainId
eth_blockNumber
eth_chainId
eth_blockNumber
eth_chainId
eth_blockNumber
eth_chainId
eth_blockNumber
eth_chainId
eth_blockNumber
eth_chainId
eth_blockNumber
eth_chainId
eth_blockNumber
eth_chainId
eth_blockNumber
eth_chainId
eth_blockNumber
eth_chainId
eth_blockNumber
eth_chainId
eth_blockNumber
eth_chainId
eth_blockNumber
eth_chainId
eth_blockNumber
eth_chainId
eth_blockNumber
eth_chainId
eth_blockNumber
eth_chainId
eth_blockNumber
eth_chainId
eth_blockNumber
eth_chainId
eth_blockNumber
eth_chainId
eth_blockNumber
eth_chainId
eth_blockNumber
eth_chainId
